tomtom-navigation-core-examples/usecase/build/intermediates/manifest_merge_blame_file/debug/manifest-merger-blame-debug-report.txt
1<?xml version="1.0" encoding="utf-8"?>
2<manifest xmlns:android="http://schemas.android.com/apk/res/android"
3    package="com.example.usecase"
4    android:versionCode="1"
5    android:versionName="1.0" >
6
7    <uses-sdk
8        android:minSdkVersion="24"
8-->src/main/AndroidManifest.xml
9        android:targetSdkVersion="34" />
9-->src/main/AndroidManifest.xml
10    <!-- Always include this permission -->
11    <uses-permission android:name="android.permission.ACCESS_COARSE_LOCATION" /> <!-- Include only if your app benefits from precise location access. -->
11-->src/main/AndroidManifest.xml:5:5-81
11-->src/main/AndroidManifest.xml:5:22-78
12    <uses-permission android:name="android.permission.ACCESS_FINE_LOCATION" />
12-->src/main/AndroidManifest.xml:6:5-79
12-->src/main/AndroidManifest.xml:6:22-76
13    <uses-permission android:name="android.permission.INTERNET" />
13-->src/main/AndroidManifest.xml:7:5-67
13-->src/main/AndroidManifest.xml:7:22-64
14
15    <uses-feature
15-->[com.tomtom.sdk.maps:map-display:0.45.2] AndroidManifest.xml:23:5-25:35
16        android:glEsVersion="0x00030000"
16-->[com.tomtom.sdk.maps:map-display:0.45.2] AndroidManifest.xml:24:9-41
17        android:required="true" />
17-->[com.tomtom.sdk.maps:map-display:0.45.2] AndroidManifest.xml:25:9-32
18
19    <uses-permission android:name="android.permission.ACCESS_NETWORK_STATE" />
19-->[com.tomtom.sdk.common:http-framework-binding-internal-android:0.45.2] AndroidManifest.xml:18:5-79
19-->[com.tomtom.sdk.common:http-framework-binding-internal-android:0.45.2] AndroidManifest.xml:18:22-76
20    <uses-permission android:name="android.permission.ACCESS_WIFI_STATE" />
20-->[com.tomtom.sdk.location:provider-android:0.45.2] AndroidManifest.xml:20:5-76
20-->[com.tomtom.sdk.location:provider-android:0.45.2] AndroidManifest.xml:20:22-73
21
22    <queries>
22-->[com.tomtom.sdk:tts-engine-android:0.45.2] AndroidManifest.xml:17:5-21:15
23        <intent>
23-->[com.tomtom.sdk:tts-engine-android:0.45.2] AndroidManifest.xml:18:9-20:18
24            <action android:name="android.intent.action.TTS_SERVICE" />
24-->[com.tomtom.sdk:tts-engine-android:0.45.2] AndroidManifest.xml:19:13-72
24-->[com.tomtom.sdk:tts-engine-android:0.45.2] AndroidManifest.xml:19:21-69
25        </intent>
26    </queries>
27
28    <uses-permission android:name="android.permission.FOREGROUND_SERVICE" />
28-->[com.tomtom.sdk.navigation:service:0.45.2] AndroidManifest.xml:17:5-77
28-->[com.tomtom.sdk.navigation:service:0.45.2] AndroidManifest.xml:17:22-74
29    <uses-permission android:name="android.permission.POST_NOTIFICATIONS" />
29-->[com.tomtom.sdk.navigation:service:0.45.2] AndroidManifest.xml:18:5-77
29-->[com.tomtom.sdk.navigation:service:0.45.2] AndroidManifest.xml:18:22-74
30    <uses-permission android:name="android.permission.REORDER_TASKS" />
30-->[androidx.fragment:fragment-testing-manifest:1.6.2] AndroidManifest.xml:23:5-72
30-->[androidx.fragment:fragment-testing-manifest:1.6.2] AndroidManifest.xml:23:22-69
31
32    <permission
32-->[androidx.core:core:1.10.1] AndroidManifest.xml:22:5-24:47
33        android:name="com.example.usecase.DYNAMIC_RECEIVER_NOT_EXPORTED_PERMISSION"
33-->[androidx.core:core:1.10.1] AndroidManifest.xml:23:9-81
34        android:protectionLevel="signature" />
34-->[androidx.core:core:1.10.1] AndroidManifest.xml:24:9-44
35
36    <uses-permission android:name="com.example.usecase.DYNAMIC_RECEIVER_NOT_EXPORTED_PERMISSION" />
36-->[androidx.core:core:1.10.1] AndroidManifest.xml:26:5-97
36-->[androidx.core:core:1.10.1] AndroidManifest.xml:26:22-94
37
38    <application
38-->src/main/AndroidManifest.xml:9:5-29:19
39        android:appComponentFactory="androidx.core.app.CoreComponentFactory"
39-->[androidx.core:core:1.10.1] AndroidManifest.xml:28:18-86
40        android:debuggable="true"
41        android:extractNativeLibs="false"
42        android:label="Navigation App"
42-->src/main/AndroidManifest.xml:10:9-39
43        android:testOnly="true"
44        android:theme="@style/Theme.App" >
44-->src/main/AndroidManifest.xml:11:9-41
45        <activity
45-->src/main/AndroidManifest.xml:14:9-17:20
46            android:name="com.example.usecase.MainActivity"
46-->src/main/AndroidManifest.xml:15:13-41
47            android:exported="false" >
47-->src/main/AndroidManifest.xml:16:13-37
48        </activity>
49        <activity
49-->src/main/AndroidManifest.xml:18:9-28:20
50            android:name="com.example.usecase.SplashActivity"
50-->src/main/AndroidManifest.xml:19:13-43
51            android:exported="true"
51-->src/main/AndroidManifest.xml:22:13-36
52            android:theme="@style/SplashTheme" >
52-->src/main/AndroidManifest.xml:20:13-47
53            <intent-filter>
53-->src/main/AndroidManifest.xml:23:13-27:29
54                <action android:name="android.intent.action.MAIN" />
54-->src/main/AndroidManifest.xml:24:17-69
54-->src/main/AndroidManifest.xml:24:25-66
55
56                <category android:name="android.intent.category.LAUNCHER" />
56-->src/main/AndroidManifest.xml:26:17-77
56-->src/main/AndroidManifest.xml:26:27-74
57            </intent-filter>
58        </activity>
59
60        <service
60-->[com.tomtom.sdk.navigation:service:0.45.2] AndroidManifest.xml:21:9-23:56
61            android:name="com.tomtom.sdk.navigation.service.TomTomNavigationService"
61-->[com.tomtom.sdk.navigation:service:0.45.2] AndroidManifest.xml:22:13-85
62            android:foregroundServiceType="location" /> <!-- can be removed after https://jira.tomtomgroup.com/browse/NAV-73104 -->
62-->[com.tomtom.sdk.navigation:service:0.45.2] AndroidManifest.xml:23:13-53
63        <service
63-->[com.tomtom.sdk.navigation:navigation-android:0.45.2] AndroidManifest.xml:22:9-24:39
64            android:name="com.tomtom.positioning.player.Player"
64-->[com.tomtom.sdk.navigation:navigation-android:0.45.2] AndroidManifest.xml:23:13-64
65            android:exported="true" />
65-->[com.tomtom.sdk.navigation:navigation-android:0.45.2] AndroidManifest.xml:24:13-36
66
67        <activity
67-->[androidx.fragment:fragment-testing-manifest:1.6.2] AndroidManifest.xml:26:9-35:20
68            android:name="androidx.fragment.app.testing.EmptyFragmentActivity"
68-->[androidx.fragment:fragment-testing-manifest:1.6.2] AndroidManifest.xml:27:13-79
69            android:exported="true"
69-->[androidx.fragment:fragment-testing-manifest:1.6.2] AndroidManifest.xml:28:13-36
70            android:multiprocess="true"
70-->[androidx.fragment:fragment-testing-manifest:1.6.2] AndroidManifest.xml:29:13-40
71            android:taskAffinity=""
71-->[androidx.fragment:fragment-testing-manifest:1.6.2] AndroidManifest.xml:30:13-36
72            android:theme="@style/FragmentScenarioEmptyFragmentActivityTheme" >
72-->[androidx.fragment:fragment-testing-manifest:1.6.2] AndroidManifest.xml:31:13-78
73            <intent-filter>
73-->[androidx.fragment:fragment-testing-manifest:1.6.2] AndroidManifest.xml:32:13-34:29
74                <action android:name="android.intent.action.MAIN" />
74-->src/main/AndroidManifest.xml:24:17-69
74-->src/main/AndroidManifest.xml:24:25-66
75            </intent-filter>
76        </activity>
77
78        <provider
78-->[androidx.emoji2:emoji2:1.2.0] AndroidManifest.xml:24:9-32:20
79            android:name="androidx.startup.InitializationProvider"
79-->[androidx.emoji2:emoji2:1.2.0] AndroidManifest.xml:25:13-67
80            android:authorities="com.example.usecase.androidx-startup"
80-->[androidx.emoji2:emoji2:1.2.0] AndroidManifest.xml:26:13-68
81            android:exported="false" >
81-->[androidx.emoji2:emoji2:1.2.0] AndroidManifest.xml:27:13-37
82            <meta-data
82-->[androidx.emoji2:emoji2:1.2.0] AndroidManifest.xml:29:13-31:52
83                android:name="androidx.emoji2.text.EmojiCompatInitializer"
83-->[androidx.emoji2:emoji2:1.2.0] AndroidManifest.xml:30:17-75
84                android:value="androidx.startup" />
84-->[androidx.emoji2:emoji2:1.2.0] AndroidManifest.xml:31:17-49
85            <meta-data
85-->[androidx.lifecycle:lifecycle-process:2.6.2] AndroidManifest.xml:29:13-31:52
86                android:name="androidx.lifecycle.ProcessLifecycleInitializer"
86-->[androidx.lifecycle:lifecycle-process:2.6.2] AndroidManifest.xml:30:17-78
87                android:value="androidx.startup" />
87-->[androidx.lifecycle:lifecycle-process:2.6.2] AndroidManifest.xml:31:17-49
88            <meta-data
88-->[androidx.profileinstaller:profileinstaller:1.3.0] AndroidManifest.xml:29:13-31:52
89                android:name="androidx.profileinstaller.ProfileInstallerInitializer"
89-->[androidx.profileinstaller:profileinstaller:1.3.0] AndroidManifest.xml:30:17-85
90                android:value="androidx.startup" />
90-->[androidx.profileinstaller:profileinstaller:1.3.0] AndroidManifest.xml:31:17-49
91        </provider>
92
93        <activity
93-->[androidx.test:core:1.5.0] AndroidManifest.xml:27:9-34:20
94            android:name="androidx.test.core.app.InstrumentationActivityInvoker$BootstrapActivity"
94-->[androidx.test:core:1.5.0] AndroidManifest.xml:28:13-99
95            android:exported="true"
95-->[androidx.test:core:1.5.0] AndroidManifest.xml:29:13-36
96            android:theme="@style/WhiteBackgroundTheme" >
96-->[androidx.test:core:1.5.0] AndroidManifest.xml:30:13-56
97            <intent-filter android:priority="-100" >
97-->[androidx.test:core:1.5.0] AndroidManifest.xml:31:13-33:29
97-->[androidx.test:core:1.5.0] AndroidManifest.xml:31:28-51
98                <category android:name="android.intent.category.LAUNCHER" />
98-->src/main/AndroidManifest.xml:26:17-77
98-->src/main/AndroidManifest.xml:26:27-74
99            </intent-filter>
100        </activity>
101        <activity
101-->[androidx.test:core:1.5.0] AndroidManifest.xml:35:9-42:20
102            android:name="androidx.test.core.app.InstrumentationActivityInvoker$EmptyActivity"
102-->[androidx.test:core:1.5.0] AndroidManifest.xml:36:13-95
103            android:exported="true"
103-->[androidx.test:core:1.5.0] AndroidManifest.xml:37:13-36
104            android:theme="@style/WhiteBackgroundTheme" >
104-->[androidx.test:core:1.5.0] AndroidManifest.xml:38:13-56
105            <intent-filter android:priority="-100" >
105-->[androidx.test:core:1.5.0] AndroidManifest.xml:31:13-33:29
105-->[androidx.test:core:1.5.0] AndroidManifest.xml:31:28-51
106                <category android:name="android.intent.category.LAUNCHER" />
106-->src/main/AndroidManifest.xml:26:17-77
106-->src/main/AndroidManifest.xml:26:27-74
107            </intent-filter>
108        </activity>
109        <activity
109-->[androidx.test:core:1.5.0] AndroidManifest.xml:43:9-50:20
110            android:name="androidx.test.core.app.InstrumentationActivityInvoker$EmptyFloatingActivity"
110-->[androidx.test:core:1.5.0] AndroidManifest.xml:44:13-103
111            android:exported="true"
111-->[androidx.test:core:1.5.0] AndroidManifest.xml:45:13-36
112            android:theme="@style/WhiteBackgroundDialogTheme" >
112-->[androidx.test:core:1.5.0] AndroidManifest.xml:46:13-62
113            <intent-filter android:priority="-100" >
113-->[androidx.test:core:1.5.0] AndroidManifest.xml:31:13-33:29
113-->[androidx.test:core:1.5.0] AndroidManifest.xml:31:28-51
114                <category android:name="android.intent.category.LAUNCHER" />
114-->src/main/AndroidManifest.xml:26:17-77
114-->src/main/AndroidManifest.xml:26:27-74
115            </intent-filter>
116        </activity>
117
118        <receiver
118-->[androidx.profileinstaller:profileinstaller:1.3.0] AndroidManifest.xml:34:9-52:20
119            android:name="androidx.profileinstaller.ProfileInstallReceiver"
119-->[androidx.profileinstaller:profileinstaller:1.3.0] AndroidManifest.xml:35:13-76
120            android:directBootAware="false"
120-->[androidx.profileinstaller:profileinstaller:1.3.0] AndroidManifest.xml:36:13-44
121            android:enabled="true"
121-->[androidx.profileinstaller:profileinstaller:1.3.0] AndroidManifest.xml:37:13-35
122            android:exported="true"
122-->[androidx.profileinstaller:profileinstaller:1.3.0] AndroidManifest.xml:38:13-36
123            android:permission="android.permission.DUMP" >
123-->[androidx.profileinstaller:profileinstaller:1.3.0] AndroidManifest.xml:39:13-57
124            <intent-filter>
124-->[androidx.profileinstaller:profileinstaller:1.3.0] AndroidManifest.xml:40:13-42:29
125                <action android:name="androidx.profileinstaller.action.INSTALL_PROFILE" />
125-->[androidx.profileinstaller:profileinstaller:1.3.0] AndroidManifest.xml:41:17-91
125-->[androidx.profileinstaller:profileinstaller:1.3.0] AndroidManifest.xml:41:25-88
126            </intent-filter>
127            <intent-filter>
127-->[androidx.profileinstaller:profileinstaller:1.3.0] AndroidManifest.xml:43:13-45:29
128                <action android:name="androidx.profileinstaller.action.SKIP_FILE" />
128-->[androidx.profileinstaller:profileinstaller:1.3.0] AndroidManifest.xml:44:17-85
128-->[androidx.profileinstaller:profileinstaller:1.3.0] AndroidManifest.xml:44:25-82
129            </intent-filter>
130            <intent-filter>
130-->[androidx.profileinstaller:profileinstaller:1.3.0] AndroidManifest.xml:46:13-48:29
131                <action android:name="androidx.profileinstaller.action.SAVE_PROFILE" />
131-->[androidx.profileinstaller:profileinstaller:1.3.0] AndroidManifest.xml:47:17-88
131-->[androidx.profileinstaller:profileinstaller:1.3.0] AndroidManifest.xml:47:25-85
132            </intent-filter>
133            <intent-filter>
133-->[androidx.profileinstaller:profileinstaller:1.3.0] AndroidManifest.xml:49:13-51:29
134                <action android:name="androidx.profileinstaller.action.BENCHMARK_OPERATION" />
134-->[androidx.profileinstaller:profileinstaller:1.3.0] AndroidManifest.xml:50:17-95
134-->[androidx.profileinstaller:profileinstaller:1.3.0] AndroidManifest.xml:50:25-92
135            </intent-filter>
136        </receiver>
137    </application>
138
139</manifest>